{"level":"info","message":"server is running in http://localhost:5001","service":"AUTH","timestamp":"2025-03-24T11:28:56.914Z"}
{"level":"info","message":"server is running in http://localhost:5001","service":"AUTH","timestamp":"2025-03-24T11:30:51.070Z"}
{"level":"info","message":"server is running in http://localhost:5001","service":"AUTH","timestamp":"2025-03-24T11:31:47.457Z"}
{"level":"info","message":"server is running in http://localhost:5001","service":"AUTH","timestamp":"2025-03-24T11:32:01.575Z"}
{"level":"info","message":"server is running in http://localhost:5001","service":"AUTH","timestamp":"2025-03-24T11:32:21.934Z"}
{"level":"info","message":"server is running in http://localhost:5001","service":"AUTH","timestamp":"2025-03-24T11:32:44.615Z"}
{"level":"info","message":"server is running in http://localhost:5001","service":"AUTH","timestamp":"2025-03-24T11:33:25.621Z"}
{"level":"info","message":"server is running in http://localhost:5001","service":"AUTH","timestamp":"2025-03-24T11:34:25.337Z"}
{"level":"info","message":"server is running in http://localhost:5001","service":"AUTH","timestamp":"2025-03-24T11:40:42.188Z"}
{"level":"info","message":"server is running in http://localhost:5001","service":"AUTH","timestamp":"2025-03-24T11:41:06.801Z"}
{"level":"info","message":"server is running in http://localhost:5001","service":"AUTH","timestamp":"2025-03-24T11:48:47.922Z"}
{"level":"info","message":"server is running in http://localhost:5001","service":"AUTH","timestamp":"2025-03-24T11:50:38.752Z"}
{"level":"info","message":"server is running in http://localhost:5001","service":"AUTH","timestamp":"2025-03-24T11:53:21.139Z"}
{"level":"info","message":"server is running in http://localhost:5001","service":"AUTH","timestamp":"2025-03-24T11:54:22.104Z"}
{"level":"info","message":"server is running in http://localhost:5001","service":"AUTH","timestamp":"2025-03-24T12:00:47.250Z"}
{"level":"info","message":"server is running in http://localhost:5001","service":"AUTH","timestamp":"2025-03-24T12:05:02.457Z"}
{"level":"info","message":"server is running in http://localhost:5001","service":"AUTH","timestamp":"2025-03-24T12:07:17.555Z"}
{"level":"info","message":"server is running in http://localhost:5001","service":"AUTH","timestamp":"2025-03-24T12:20:23.347Z"}
{"level":"info","message":"server is running in http://localhost:5001","service":"AUTH","timestamp":"2025-03-24T12:21:24.405Z"}
{"level":"info","message":"server is running in http://localhost:5001","service":"AUTH","timestamp":"2025-03-24T12:22:55.729Z"}
{"level":"info","message":"server is running in http://localhost:5001","service":"AUTH","timestamp":"2025-03-24T12:37:39.386Z"}
{"level":"info","message":"server is running in http://localhost:5001","service":"AUTH","timestamp":"2025-03-24T12:39:58.605Z"}
{"level":"info","message":"server is running in http://localhost:5001","service":"AUTH","timestamp":"2025-03-24T12:40:03.906Z"}
{"level":"info","message":"server is running in http://localhost:5001","service":"AUTH","timestamp":"2025-03-24T12:40:32.264Z"}
{"level":"info","message":"server is running in http://localhost:5001","service":"AUTH","timestamp":"2025-03-24T12:40:41.511Z"}
{"level":"info","message":"server is running in http://localhost:5001","service":"AUTH","timestamp":"2025-03-24T12:40:47.618Z"}
{"level":"info","message":"server is running in http://localhost:5001","service":"AUTH","timestamp":"2025-03-24T12:41:40.431Z"}
{"level":"info","message":"server is running in http://localhost:5001","service":"AUTH","timestamp":"2025-03-24T12:42:05.084Z"}
{"level":"info","message":"server is running in http://localhost:5001","service":"AUTH","timestamp":"2025-03-24T12:43:33.197Z"}
{"level":"info","message":"server is running in http://localhost:5001","service":"AUTH","timestamp":"2025-03-24T12:44:31.954Z"}
{"level":"info","message":"server is running in http://localhost:5001","service":"AUTH","timestamp":"2025-03-24T12:44:49.335Z"}
{"level":"info","message":"server is running in http://localhost:5001","service":"AUTH","timestamp":"2025-03-24T12:45:12.876Z"}
{"level":"info","message":"server is running in http://localhost:5001","service":"AUTH","timestamp":"2025-03-24T12:45:32.251Z"}
{"level":"info","message":"server is running in http://localhost:5001","service":"AUTH","timestamp":"2025-03-24T12:46:40.770Z"}
{"level":"info","message":"server is running in http://localhost:5001","service":"AUTH","timestamp":"2025-03-24T12:48:08.593Z"}
{"level":"info","message":"server is running in http://localhost:5001","service":"AUTH","timestamp":"2025-03-24T12:48:48.368Z"}
{"level":"info","message":"server is running in http://localhost:5001","service":"AUTH","timestamp":"2025-03-24T12:49:09.703Z"}
{"level":"info","message":"server is running in http://localhost:5001","service":"AUTH","timestamp":"2025-03-24T12:49:48.573Z"}
{"level":"info","message":"server is running in http://localhost:5001","service":"AUTH","timestamp":"2025-03-24T12:49:51.227Z"}
{"level":"info","message":"server is running in http://localhost:5001","service":"AUTH","timestamp":"2025-03-24T12:52:36.336Z"}
{"level":"info","message":"server is running in http://localhost:5001","service":"AUTH","timestamp":"2025-03-24T12:53:15.471Z"}
{"level":"info","message":"server is running in http://localhost:5001","service":"AUTH","timestamp":"2025-03-24T12:54:06.533Z"}
{"level":"info","message":"server is running in http://localhost:5001","service":"AUTH","timestamp":"2025-03-24T12:54:44.058Z"}
{"level":"info","message":"server is running in http://localhost:5001","service":"AUTH","timestamp":"2025-03-24T12:55:05.942Z"}
{"level":"info","message":"server is running in http://localhost:5001","service":"AUTH","timestamp":"2025-03-24T12:55:13.236Z"}
{"level":"info","message":"server is running in http://localhost:5001","service":"AUTH","timestamp":"2025-03-24T12:55:59.481Z"}
{"level":"info","message":"server is running in http://localhost:5001","service":"AUTH","timestamp":"2025-03-24T12:56:16.939Z"}
{"level":"info","message":"server is running in http://localhost:5001","service":"AUTH","timestamp":"2025-03-24T12:56:53.712Z"}
{"level":"info","message":"server is running in http://localhost:5001","service":"AUTH","timestamp":"2025-03-24T12:57:19.683Z"}
{"level":"info","message":"server is running in http://localhost:5001","service":"AUTH","timestamp":"2025-03-24T13:01:47.138Z"}
{"level":"info","message":"server is running in http://localhost:5001","service":"AUTH","timestamp":"2025-03-24T13:06:07.215Z"}
{"level":"info","message":"server is running in http://localhost:5001","service":"AUTH","timestamp":"2025-03-24T13:06:36.547Z"}
{"level":"info","message":"server is running in http://localhost:5001","service":"AUTH","timestamp":"2025-03-24T13:06:38.558Z"}
{"level":"info","message":"server is running in http://localhost:5001","service":"AUTH","timestamp":"2025-03-24T13:08:54.254Z"}
{"level":"info","message":"server is running in http://localhost:5001","service":"AUTH","timestamp":"2025-03-24T13:10:19.641Z"}
{"level":"info","message":"server is running in http://localhost:5001","service":"AUTH","timestamp":"2025-03-24T13:10:44.095Z"}
{"level":"info","message":"server is running in http://localhost:5001","service":"AUTH","timestamp":"2025-03-24T13:11:27.171Z"}
{"level":"info","message":"server is running in http://localhost:5001","service":"AUTH","timestamp":"2025-03-24T13:11:40.965Z"}
{"level":"info","message":"server is running in http://localhost:5001","service":"AUTH","timestamp":"2025-03-24T13:14:06.023Z"}
{"level":"info","message":"server is running in http://localhost:5001","service":"AUTH","timestamp":"2025-03-24T13:14:26.342Z"}
{"level":"info","message":"server is running in http://localhost:5001","service":"AUTH","timestamp":"2025-03-24T13:16:20.139Z"}
{"level":"info","message":"server is running in http://localhost:5001","service":"AUTH","timestamp":"2025-03-24T13:17:08.223Z"}
{"level":"info","message":"server is running in http://localhost:5001","service":"AUTH","timestamp":"2025-03-24T13:22:12.765Z"}
{"level":"info","message":"server is running in http://localhost:5001","service":"AUTH","timestamp":"2025-03-24T13:22:53.259Z"}
{"level":"info","message":"server is running in http://localhost:5001","service":"AUTH","timestamp":"2025-03-24T13:23:00.593Z"}
{"level":"info","message":"server is running in http://localhost:5001","service":"AUTH","timestamp":"2025-03-24T13:23:43.892Z"}
{"level":"info","message":"server is running in http://localhost:5001","service":"AUTH","timestamp":"2025-03-24T13:23:55.457Z"}
{"level":"info","message":"server is running in http://localhost:5001","service":"AUTH","timestamp":"2025-03-24T13:24:58.041Z"}
{"level":"info","message":"server is running in http://localhost:5001","service":"AUTH","timestamp":"2025-03-24T13:25:04.384Z"}
{"level":"info","message":"server is running in http://localhost:5001","service":"AUTH","timestamp":"2025-03-24T13:26:41.026Z"}
{"level":"info","message":"server is running in http://localhost:5001","service":"AUTH","timestamp":"2025-03-24T13:27:08.853Z"}
{"level":"info","message":"server is running in http://localhost:5001","service":"AUTH","timestamp":"2025-03-24T13:27:37.547Z"}
{"level":"info","message":"server is running in http://localhost:5001","service":"AUTH","timestamp":"2025-03-24T13:27:49.229Z"}
{"level":"info","message":"server is running in http://localhost:5001","service":"AUTH","timestamp":"2025-03-24T13:29:07.931Z"}
{"level":"info","message":"server is running in http://localhost:5001","service":"AUTH","timestamp":"2025-03-24T13:29:21.547Z"}
{"level":"info","message":"server is running in http://localhost:5001","service":"AUTH","timestamp":"2025-03-24T13:29:35.755Z"}
{"level":"info","message":"server is running in http://localhost:5001","service":"AUTH","timestamp":"2025-03-24T13:29:42.679Z"}
{"level":"info","message":"server is running in http://localhost:5001","service":"AUTH","timestamp":"2025-03-24T13:29:56.717Z"}
{"level":"info","message":"server is running in http://localhost:5001","service":"AUTH","timestamp":"2025-03-24T13:30:08.248Z"}
{"level":"info","message":"server is running in http://localhost:5001","service":"AUTH","timestamp":"2025-03-24T13:30:16.083Z"}
{"level":"info","message":"server is running in http://localhost:5001","service":"AUTH","timestamp":"2025-03-24T13:31:04.025Z"}
{"level":"info","message":"server is running in http://localhost:5001","service":"AUTH","timestamp":"2025-03-24T13:31:10.191Z"}
{"level":"info","message":"server is running in http://localhost:5001","service":"AUTH","timestamp":"2025-03-24T13:31:27.282Z"}
{"level":"info","message":"server is running in http://localhost:5001","service":"AUTH","timestamp":"2025-03-24T13:41:18.218Z"}
{"level":"info","message":"server is running in http://localhost:5001","service":"AUTH","timestamp":"2025-03-24T13:41:26.927Z"}
{"level":"info","message":"server is running in http://localhost:5001","service":"AUTH","timestamp":"2025-03-24T13:42:20.157Z"}
{"level":"info","message":"server is running in http://localhost:5001","service":"AUTH","timestamp":"2025-03-24T13:43:06.088Z"}
{"level":"info","message":"server is running in http://localhost:5001","service":"AUTH","timestamp":"2025-03-24T13:43:12.999Z"}
{"level":"info","message":"server is running in http://localhost:5001","service":"AUTH","timestamp":"2025-03-24T13:43:57.410Z"}
{"level":"info","message":"server is running in http://localhost:5001","service":"AUTH","timestamp":"2025-03-24T13:44:04.579Z"}
{"level":"info","message":"server is running in http://localhost:5001","service":"AUTH","timestamp":"2025-03-24T13:44:14.833Z"}
{"level":"info","message":"server is running in http://localhost:5001","service":"AUTH","timestamp":"2025-03-24T13:44:57.048Z"}
{"level":"info","message":"server is running in http://localhost:5001","service":"AUTH","timestamp":"2025-03-24T13:46:41.336Z"}
{"level":"info","message":"server is running in http://localhost:5001","service":"AUTH","timestamp":"2025-03-24T13:46:58.309Z"}
{"level":"info","message":"server is running in http://localhost:5001","service":"AUTH","timestamp":"2025-03-24T13:49:38.404Z"}
{"level":"info","message":"server is running in http://localhost:5001","service":"AUTH","timestamp":"2025-03-24T13:54:14.785Z"}
{"level":"info","message":"server is running in http://localhost:5001","service":"AUTH","timestamp":"2025-03-24T13:54:41.846Z"}
{"level":"info","message":"server is running in http://localhost:5001","service":"AUTH","timestamp":"2025-03-24T14:01:00.866Z"}
{"level":"info","message":"server is running in http://localhost:5001","service":"AUTH","timestamp":"2025-03-24T14:01:31.039Z"}
{"level":"info","message":"server is running in http://localhost:5001","service":"AUTH","timestamp":"2025-03-24T14:01:34.730Z"}
{"level":"info","message":"server is running in http://localhost:5001","service":"AUTH","timestamp":"2025-03-24T14:01:45.520Z"}
{"level":"info","message":"server is running in http://localhost:5001","service":"AUTH","timestamp":"2025-03-24T14:01:49.985Z"}
{"level":"info","message":"server is running in http://localhost:5001","service":"AUTH","timestamp":"2025-03-24T14:02:04.589Z"}
{"level":"info","message":"server is running in http://localhost:5001","service":"AUTH","timestamp":"2025-03-24T14:16:11.561Z"}
{"level":"info","message":"server is running in http://localhost:5001","service":"AUTH","timestamp":"2025-03-24T14:16:40.157Z"}
{"level":"info","message":"server is running in http://localhost:5001","service":"AUTH","timestamp":"2025-03-24T14:17:40.365Z"}
{"level":"error","message":"Registration Error Occurred  Cannot destructure property 'first_name' of 'req.body' as it is undefined.","service":"AUTH","stack":"TypeError: Cannot destructure property 'first_name' of 'req.body' as it is undefined.\n    at C:\\Users\\ADMIN\\Desktop\\payment-api\\services\\auth\\src\\controllers\\register.controller.ts:12:7\n    at Generator.next (<anonymous>)\n    at C:\\Users\\ADMIN\\Desktop\\payment-api\\services\\auth\\src\\controllers\\register.controller.ts:8:71\n    at new Promise (<anonymous>)\n    at __awaiter (C:\\Users\\ADMIN\\Desktop\\payment-api\\services\\auth\\src\\controllers\\register.controller.ts:4:12)\n    at registerUser (C:\\Users\\ADMIN\\Desktop\\payment-api\\services\\auth\\src\\controllers\\register.controller.ts:9:24)\n    at C:\\Users\\ADMIN\\Desktop\\payment-api\\services\\auth\\src\\utils\\asyncHandler.ts:7:21\n    at Layer.handle [as handle_request] (C:\\Users\\ADMIN\\Desktop\\payment-api\\services\\auth\\node_modules\\express\\lib\\router\\layer.js:95:5)\n    at next (C:\\Users\\ADMIN\\Desktop\\payment-api\\services\\auth\\node_modules\\express\\lib\\router\\route.js:149:13)\n    at Route.dispatch (C:\\Users\\ADMIN\\Desktop\\payment-api\\services\\auth\\node_modules\\express\\lib\\router\\route.js:119:3)","timestamp":"2025-03-24T14:21:22.259Z"}
{"level":"error","message":"Registration Error Occurred  Cannot destructure property 'first_name' of 'req.body' as it is undefined.","service":"AUTH","stack":"TypeError: Cannot destructure property 'first_name' of 'req.body' as it is undefined.\n    at C:\\Users\\ADMIN\\Desktop\\payment-api\\services\\auth\\src\\controllers\\register.controller.ts:12:7\n    at Generator.next (<anonymous>)\n    at C:\\Users\\ADMIN\\Desktop\\payment-api\\services\\auth\\src\\controllers\\register.controller.ts:8:71\n    at new Promise (<anonymous>)\n    at __awaiter (C:\\Users\\ADMIN\\Desktop\\payment-api\\services\\auth\\src\\controllers\\register.controller.ts:4:12)\n    at registerUser (C:\\Users\\ADMIN\\Desktop\\payment-api\\services\\auth\\src\\controllers\\register.controller.ts:9:24)\n    at C:\\Users\\ADMIN\\Desktop\\payment-api\\services\\auth\\src\\utils\\asyncHandler.ts:7:21\n    at Layer.handle [as handle_request] (C:\\Users\\ADMIN\\Desktop\\payment-api\\services\\auth\\node_modules\\express\\lib\\router\\layer.js:95:5)\n    at next (C:\\Users\\ADMIN\\Desktop\\payment-api\\services\\auth\\node_modules\\express\\lib\\router\\route.js:149:13)\n    at Route.dispatch (C:\\Users\\ADMIN\\Desktop\\payment-api\\services\\auth\\node_modules\\express\\lib\\router\\route.js:119:3)","timestamp":"2025-03-24T14:22:01.151Z"}
{"level":"info","message":"server is running in http://localhost:5001","service":"AUTH","timestamp":"2025-03-24T14:23:24.011Z"}
{"level":"info","message":"Verification code sent to johndoe@gmail.com","service":"AUTH","timestamp":"2025-03-24T14:23:42.727Z"}
{"clientVersion":"6.5.0","code":"P2002","level":"error","message":"Registration Error Occurred  \nInvalid `prisma.verificationCode.create()` invocation in\nC:\\Users\\ADMIN\\Desktop\\payment-api\\services\\auth\\src\\controllers\\register.controller.ts:38:35\n\n  35 \n  36 // Generate a verification code and  send it to the database\n  37 const verificationCode = Math.floor(100000 + Math.random() * 900000);\n→ 38 await prisma.verificationCode.create(\nUnique constraint failed on the constraint: `VerificationCode_email_address_key`","meta":{"modelName":"VerificationCode","target":"VerificationCode_email_address_key"},"name":"PrismaClientKnownRequestError","service":"AUTH","stack":"PrismaClientKnownRequestError: \nInvalid `prisma.verificationCode.create()` invocation in\nC:\\Users\\ADMIN\\Desktop\\payment-api\\services\\auth\\src\\controllers\\register.controller.ts:38:35\n\n  35 \n  36 // Generate a verification code and  send it to the database\n  37 const verificationCode = Math.floor(100000 + Math.random() * 900000);\n→ 38 await prisma.verificationCode.create(\nUnique constraint failed on the constraint: `VerificationCode_email_address_key`\n    at Wn.handleRequestError (C:\\Users\\ADMIN\\Desktop\\payment-api\\services\\auth\\node_modules\\@prisma\\client\\runtime\\library.js:121:7534)\n    at Wn.handleAndLogRequestError (C:\\Users\\ADMIN\\Desktop\\payment-api\\services\\auth\\node_modules\\@prisma\\client\\runtime\\library.js:121:6858)\n    at Wn.request (C:\\Users\\ADMIN\\Desktop\\payment-api\\services\\auth\\node_modules\\@prisma\\client\\runtime\\library.js:121:6565)\n    at async l (C:\\Users\\ADMIN\\Desktop\\payment-api\\services\\auth\\node_modules\\@prisma\\client\\runtime\\library.js:130:10067)","timestamp":"2025-03-24T14:24:46.792Z"}
{"level":"info","message":"server is running in http://localhost:5001","service":"AUTH","timestamp":"2025-03-24T14:26:55.042Z"}
{"level":"info","message":"Verification code sent to johndoe@gmail.com","service":"AUTH","timestamp":"2025-03-24T14:28:46.602Z"}
{"level":"info","message":"server is running in http://localhost:5001","service":"AUTH","timestamp":"2025-03-24T14:29:30.320Z"}
{"level":"info","message":"Verification code sent to johndoe@gmail.com","service":"AUTH","timestamp":"2025-03-24T14:29:48.324Z"}
{"clientVersion":"6.5.0","level":"error","message":"Account verification failed  \nInvalid `prisma.user.create()` invocation in\nC:\\Users\\ADMIN\\Desktop\\payment-api\\services\\auth\\src\\controllers\\verify-account.controller.ts:47:23\n\n  44 const salt = bcrypt.genSaltSync(10);\n  45 const hashedPassword = bcrypt.hashSync(password, salt);\n  46 \n→ 47 await prisma.user.create({\n       data: {\n         first_name: \"John\",\n         last_name: \"Doe\",\n         email_address: \"johndoe@gmail.com\",\n         phone_number: \"254700056642\",\n                       ~~~~~~~~~~~~~~\n         password: \"$2b$10$o1maXjmCvfxHS4wtZusTOOC8AE1ALJQd148EU.6nJtusMU/4xKg3W\"\n       }\n     })\n\nArgument `phone_number`: Invalid value provided. Expected Int or Null, provided String.","name":"PrismaClientValidationError","service":"AUTH","stack":"PrismaClientValidationError: \nInvalid `prisma.user.create()` invocation in\nC:\\Users\\ADMIN\\Desktop\\payment-api\\services\\auth\\src\\controllers\\verify-account.controller.ts:47:23\n\n  44 const salt = bcrypt.genSaltSync(10);\n  45 const hashedPassword = bcrypt.hashSync(password, salt);\n  46 \n→ 47 await prisma.user.create({\n       data: {\n         first_name: \"John\",\n         last_name: \"Doe\",\n         email_address: \"johndoe@gmail.com\",\n         phone_number: \"254700056642\",\n                       ~~~~~~~~~~~~~~\n         password: \"$2b$10$o1maXjmCvfxHS4wtZusTOOC8AE1ALJQd148EU.6nJtusMU/4xKg3W\"\n       }\n     })\n\nArgument `phone_number`: Invalid value provided. Expected Int or Null, provided String.\n    at Cn (C:\\Users\\ADMIN\\Desktop\\payment-api\\services\\auth\\node_modules\\@prisma\\client\\runtime\\library.js:29:1363)\n    at Wn.handleRequestError (C:\\Users\\ADMIN\\Desktop\\payment-api\\services\\auth\\node_modules\\@prisma\\client\\runtime\\library.js:121:7177)\n    at Wn.handleAndLogRequestError (C:\\Users\\ADMIN\\Desktop\\payment-api\\services\\auth\\node_modules\\@prisma\\client\\runtime\\library.js:121:6858)\n    at Wn.request (C:\\Users\\ADMIN\\Desktop\\payment-api\\services\\auth\\node_modules\\@prisma\\client\\runtime\\library.js:121:6565)\n    at async l (C:\\Users\\ADMIN\\Desktop\\payment-api\\services\\auth\\node_modules\\@prisma\\client\\runtime\\library.js:130:10067)","timestamp":"2025-03-24T14:30:05.383Z"}
{"clientVersion":"6.5.0","code":"P2020","level":"error","message":"Account verification failed  \nInvalid `prisma.user.create()` invocation in\nC:\\Users\\ADMIN\\Desktop\\payment-api\\services\\auth\\src\\controllers\\verify-account.controller.ts:47:23\n\n  44 const salt = bcrypt.genSaltSync(10);\n  45 const hashedPassword = bcrypt.hashSync(password, salt);\n  46 \n→ 47 await prisma.user.create(\nValue out of range for the type. Out of range value for column 'phone_number' at row 1","meta":{"details":"Out of range value for column 'phone_number' at row 1","modelName":"User"},"name":"PrismaClientKnownRequestError","service":"AUTH","stack":"PrismaClientKnownRequestError: \nInvalid `prisma.user.create()` invocation in\nC:\\Users\\ADMIN\\Desktop\\payment-api\\services\\auth\\src\\controllers\\verify-account.controller.ts:47:23\n\n  44 const salt = bcrypt.genSaltSync(10);\n  45 const hashedPassword = bcrypt.hashSync(password, salt);\n  46 \n→ 47 await prisma.user.create(\nValue out of range for the type. Out of range value for column 'phone_number' at row 1\n    at Wn.handleRequestError (C:\\Users\\ADMIN\\Desktop\\payment-api\\services\\auth\\node_modules\\@prisma\\client\\runtime\\library.js:121:7534)\n    at Wn.handleAndLogRequestError (C:\\Users\\ADMIN\\Desktop\\payment-api\\services\\auth\\node_modules\\@prisma\\client\\runtime\\library.js:121:6858)\n    at Wn.request (C:\\Users\\ADMIN\\Desktop\\payment-api\\services\\auth\\node_modules\\@prisma\\client\\runtime\\library.js:121:6565)\n    at async l (C:\\Users\\ADMIN\\Desktop\\payment-api\\services\\auth\\node_modules\\@prisma\\client\\runtime\\library.js:130:10067)","timestamp":"2025-03-24T14:31:13.610Z"}
{"clientVersion":"6.5.0","code":"P2020","level":"error","message":"Account verification failed  \nInvalid `prisma.user.create()` invocation in\nC:\\Users\\ADMIN\\Desktop\\payment-api\\services\\auth\\src\\controllers\\verify-account.controller.ts:47:23\n\n  44 const salt = bcrypt.genSaltSync(10);\n  45 const hashedPassword = bcrypt.hashSync(password, salt);\n  46 \n→ 47 await prisma.user.create(\nValue out of range for the type. Out of range value for column 'phone_number' at row 1","meta":{"details":"Out of range value for column 'phone_number' at row 1","modelName":"User"},"name":"PrismaClientKnownRequestError","service":"AUTH","stack":"PrismaClientKnownRequestError: \nInvalid `prisma.user.create()` invocation in\nC:\\Users\\ADMIN\\Desktop\\payment-api\\services\\auth\\src\\controllers\\verify-account.controller.ts:47:23\n\n  44 const salt = bcrypt.genSaltSync(10);\n  45 const hashedPassword = bcrypt.hashSync(password, salt);\n  46 \n→ 47 await prisma.user.create(\nValue out of range for the type. Out of range value for column 'phone_number' at row 1\n    at Wn.handleRequestError (C:\\Users\\ADMIN\\Desktop\\payment-api\\services\\auth\\node_modules\\@prisma\\client\\runtime\\library.js:121:7534)\n    at Wn.handleAndLogRequestError (C:\\Users\\ADMIN\\Desktop\\payment-api\\services\\auth\\node_modules\\@prisma\\client\\runtime\\library.js:121:6858)\n    at Wn.request (C:\\Users\\ADMIN\\Desktop\\payment-api\\services\\auth\\node_modules\\@prisma\\client\\runtime\\library.js:121:6565)\n    at async l (C:\\Users\\ADMIN\\Desktop\\payment-api\\services\\auth\\node_modules\\@prisma\\client\\runtime\\library.js:130:10067)","timestamp":"2025-03-24T14:31:39.834Z"}
{"level":"info","message":"User registered successfully: johndoe@gmail.com","service":"AUTH","timestamp":"2025-03-24T14:33:26.480Z"}
{"level":"info","message":"server is running in http://localhost:5001","service":"AUTH","timestamp":"2025-03-24T14:35:35.812Z"}
{"level":"info","message":"server is running in http://localhost:5001","service":"AUTH","timestamp":"2025-03-24T14:38:35.815Z"}
{"level":"info","message":"server is running in http://localhost:5001","service":"AUTH","timestamp":"2025-03-24T14:38:54.851Z"}
{"level":"info","message":"server is running in http://localhost:5001","service":"AUTH","timestamp":"2025-03-24T14:42:26.169Z"}
{"level":"info","message":"server is running in http://localhost:5001","service":"AUTH","timestamp":"2025-03-24T14:42:29.871Z"}
{"level":"info","message":"server is running in http://localhost:5001","service":"AUTH","timestamp":"2025-03-24T14:42:35.355Z"}
{"level":"info","message":"server is running in http://localhost:5001","service":"AUTH","timestamp":"2025-03-24T14:42:56.078Z"}
{"level":"info","message":"server is running in http://localhost:5001","service":"AUTH","timestamp":"2025-03-24T14:43:21.625Z"}
{"level":"info","message":"server is running in http://localhost:5001","service":"AUTH","timestamp":"2025-03-24T14:43:26.913Z"}
{"level":"info","message":"server is running in http://localhost:5001","service":"AUTH","timestamp":"2025-03-24T14:43:40.162Z"}
{"level":"info","message":"server is running in http://localhost:5001","service":"AUTH","timestamp":"2025-03-24T14:43:48.815Z"}
{"level":"info","message":"server is running in http://localhost:5001","service":"AUTH","timestamp":"2025-03-24T14:43:53.324Z"}
{"level":"info","message":"server is running in http://localhost:5001","service":"AUTH","timestamp":"2025-03-24T14:44:02.769Z"}
{"level":"info","message":"server is running in http://localhost:5001","service":"AUTH","timestamp":"2025-03-24T14:44:15.049Z"}
{"level":"info","message":"server is running in http://localhost:5001","service":"AUTH","timestamp":"2025-03-24T14:44:33.336Z"}
{"level":"info","message":"server is running in http://localhost:5001","service":"AUTH","timestamp":"2025-03-24T14:44:58.626Z"}
{"level":"info","message":"server is running in http://localhost:5001","service":"AUTH","timestamp":"2025-03-24T14:45:25.992Z"}
{"level":"info","message":"server is running in http://localhost:5001","service":"AUTH","timestamp":"2025-03-24T14:46:43.502Z"}
{"level":"info","message":"server is running in http://localhost:5001","service":"AUTH","timestamp":"2025-03-24T14:48:56.056Z"}
{"level":"info","message":"server is running in http://localhost:5001","service":"AUTH","timestamp":"2025-03-24T14:49:51.628Z"}
{"level":"info","message":"server is running in http://localhost:5001","service":"AUTH","timestamp":"2025-03-24T14:50:22.180Z"}
{"level":"info","message":"server is running in http://localhost:5001","service":"AUTH","timestamp":"2025-03-24T14:50:50.246Z"}
{"level":"info","message":"server is running in http://localhost:5001","service":"AUTH","timestamp":"2025-03-24T14:51:46.759Z"}
{"level":"info","message":"server is running in http://localhost:5001","service":"AUTH","timestamp":"2025-03-24T14:55:21.031Z"}
{"level":"info","message":"server is running in http://localhost:5001","service":"AUTH","timestamp":"2025-03-24T14:56:07.366Z"}
{"level":"info","message":"server is running in http://localhost:5001","service":"AUTH","timestamp":"2025-03-24T14:56:32.589Z"}
{"level":"info","message":"server is running in http://localhost:5001","service":"AUTH","timestamp":"2025-03-24T14:56:50.408Z"}
{"level":"info","message":"server is running in http://localhost:5001","service":"AUTH","timestamp":"2025-03-24T14:58:25.199Z"}
{"level":"info","message":"server is running in http://localhost:5001","service":"AUTH","timestamp":"2025-03-24T14:59:06.032Z"}
{"level":"info","message":"server is running in http://localhost:5001","service":"AUTH","timestamp":"2025-03-24T14:59:40.365Z"}
{"level":"info","message":"server is running in http://localhost:5001","service":"AUTH","timestamp":"2025-03-24T14:59:56.785Z"}
{"level":"info","message":"server is running in http://localhost:5001","service":"AUTH","timestamp":"2025-03-24T15:00:55.530Z"}
{"level":"info","message":"server is running in http://localhost:5001","service":"AUTH","timestamp":"2025-03-24T15:01:06.912Z"}
{"level":"info","message":"server is running in http://localhost:5001","service":"AUTH","timestamp":"2025-03-24T15:01:28.193Z"}
{"level":"info","message":"server is running in http://localhost:5001","service":"AUTH","timestamp":"2025-03-24T15:31:02.491Z"}
{"level":"info","message":"server is running in http://localhost:5001","service":"AUTH","timestamp":"2025-03-24T15:31:59.906Z"}
{"level":"info","message":"server is running in http://localhost:5001","service":"AUTH","timestamp":"2025-03-24T15:32:35.940Z"}
{"level":"info","message":"server is running in http://localhost:5001","service":"AUTH","timestamp":"2025-03-24T15:48:01.370Z"}
{"level":"info","message":"server is running in http://localhost:5001","service":"AUTH","timestamp":"2025-03-24T15:49:45.405Z"}
{"level":"info","message":"server is running in http://localhost:5001","service":"AUTH","timestamp":"2025-03-24T15:50:21.604Z"}
{"level":"info","message":"Verification code sent to alicesmith@gmail.com","service":"AUTH","timestamp":"2025-03-24T15:53:28.908Z"}
{"clientVersion":"6.5.0","code":"P2002","level":"error","message":"Account verification failed  \nInvalid `prisma.user.create()` invocation in\nC:\\Users\\ADMIN\\Desktop\\payment-api\\services\\auth\\src\\controllers\\verify-account.controller.ts:48:39\n\n  45 const salt = bcrypt.genSaltSync(10);\n  46 const hashedPassword = bcrypt.hashSync(password, salt);\n  47 \n→ 48 const newUser = await prisma.user.create(\nUnique constraint failed on the constraint: `User_phone_number_key`","meta":{"modelName":"User","target":"User_phone_number_key"},"name":"PrismaClientKnownRequestError","service":"AUTH","stack":"PrismaClientKnownRequestError: \nInvalid `prisma.user.create()` invocation in\nC:\\Users\\ADMIN\\Desktop\\payment-api\\services\\auth\\src\\controllers\\verify-account.controller.ts:48:39\n\n  45 const salt = bcrypt.genSaltSync(10);\n  46 const hashedPassword = bcrypt.hashSync(password, salt);\n  47 \n→ 48 const newUser = await prisma.user.create(\nUnique constraint failed on the constraint: `User_phone_number_key`\n    at Wn.handleRequestError (C:\\Users\\ADMIN\\Desktop\\payment-api\\services\\auth\\node_modules\\@prisma\\client\\runtime\\library.js:121:7534)\n    at Wn.handleAndLogRequestError (C:\\Users\\ADMIN\\Desktop\\payment-api\\services\\auth\\node_modules\\@prisma\\client\\runtime\\library.js:121:6858)\n    at Wn.request (C:\\Users\\ADMIN\\Desktop\\payment-api\\services\\auth\\node_modules\\@prisma\\client\\runtime\\library.js:121:6565)\n    at async l (C:\\Users\\ADMIN\\Desktop\\payment-api\\services\\auth\\node_modules\\@prisma\\client\\runtime\\library.js:130:10067)","timestamp":"2025-03-24T15:54:20.950Z"}
{"clientVersion":"6.5.0","code":"P2002","level":"error","message":"Account verification failed  \nInvalid `prisma.user.create()` invocation in\nC:\\Users\\ADMIN\\Desktop\\payment-api\\services\\auth\\src\\controllers\\verify-account.controller.ts:48:39\n\n  45 const salt = bcrypt.genSaltSync(10);\n  46 const hashedPassword = bcrypt.hashSync(password, salt);\n  47 \n→ 48 const newUser = await prisma.user.create(\nUnique constraint failed on the constraint: `User_phone_number_key`","meta":{"modelName":"User","target":"User_phone_number_key"},"name":"PrismaClientKnownRequestError","service":"AUTH","stack":"PrismaClientKnownRequestError: \nInvalid `prisma.user.create()` invocation in\nC:\\Users\\ADMIN\\Desktop\\payment-api\\services\\auth\\src\\controllers\\verify-account.controller.ts:48:39\n\n  45 const salt = bcrypt.genSaltSync(10);\n  46 const hashedPassword = bcrypt.hashSync(password, salt);\n  47 \n→ 48 const newUser = await prisma.user.create(\nUnique constraint failed on the constraint: `User_phone_number_key`\n    at Wn.handleRequestError (C:\\Users\\ADMIN\\Desktop\\payment-api\\services\\auth\\node_modules\\@prisma\\client\\runtime\\library.js:121:7534)\n    at Wn.handleAndLogRequestError (C:\\Users\\ADMIN\\Desktop\\payment-api\\services\\auth\\node_modules\\@prisma\\client\\runtime\\library.js:121:6858)\n    at Wn.request (C:\\Users\\ADMIN\\Desktop\\payment-api\\services\\auth\\node_modules\\@prisma\\client\\runtime\\library.js:121:6565)\n    at async l (C:\\Users\\ADMIN\\Desktop\\payment-api\\services\\auth\\node_modules\\@prisma\\client\\runtime\\library.js:130:10067)","timestamp":"2025-03-24T15:55:31.239Z"}
{"clientVersion":"6.5.0","code":"P2002","level":"error","message":"Account verification failed  \nInvalid `prisma.user.create()` invocation in\nC:\\Users\\ADMIN\\Desktop\\payment-api\\services\\auth\\src\\controllers\\verify-account.controller.ts:48:39\n\n  45 const salt = bcrypt.genSaltSync(10);\n  46 const hashedPassword = bcrypt.hashSync(password, salt);\n  47 \n→ 48 const newUser = await prisma.user.create(\nUnique constraint failed on the constraint: `User_phone_number_key`","meta":{"modelName":"User","target":"User_phone_number_key"},"name":"PrismaClientKnownRequestError","service":"AUTH","stack":"PrismaClientKnownRequestError: \nInvalid `prisma.user.create()` invocation in\nC:\\Users\\ADMIN\\Desktop\\payment-api\\services\\auth\\src\\controllers\\verify-account.controller.ts:48:39\n\n  45 const salt = bcrypt.genSaltSync(10);\n  46 const hashedPassword = bcrypt.hashSync(password, salt);\n  47 \n→ 48 const newUser = await prisma.user.create(\nUnique constraint failed on the constraint: `User_phone_number_key`\n    at Wn.handleRequestError (C:\\Users\\ADMIN\\Desktop\\payment-api\\services\\auth\\node_modules\\@prisma\\client\\runtime\\library.js:121:7534)\n    at Wn.handleAndLogRequestError (C:\\Users\\ADMIN\\Desktop\\payment-api\\services\\auth\\node_modules\\@prisma\\client\\runtime\\library.js:121:6858)\n    at Wn.request (C:\\Users\\ADMIN\\Desktop\\payment-api\\services\\auth\\node_modules\\@prisma\\client\\runtime\\library.js:121:6565)\n    at async l (C:\\Users\\ADMIN\\Desktop\\payment-api\\services\\auth\\node_modules\\@prisma\\client\\runtime\\library.js:130:10067)","timestamp":"2025-03-24T16:00:49.665Z"}
{"level":"info","message":"server is running in http://localhost:5001","service":"AUTH","timestamp":"2025-03-24T16:01:06.095Z"}
{"clientVersion":"6.5.0","code":"P2002","level":"error","message":"Account verification failed  \nInvalid `prisma.user.create()` invocation in\nC:\\Users\\ADMIN\\Desktop\\payment-api\\services\\auth\\src\\controllers\\verify-account.controller.ts:48:39\n\n  45 const salt = bcrypt.genSaltSync(10);\n  46 const hashedPassword = bcrypt.hashSync(password, salt);\n  47 \n→ 48 const newUser = await prisma.user.create(\nUnique constraint failed on the constraint: `User_phone_number_key`","meta":{"modelName":"User","target":"User_phone_number_key"},"name":"PrismaClientKnownRequestError","service":"AUTH","stack":"PrismaClientKnownRequestError: \nInvalid `prisma.user.create()` invocation in\nC:\\Users\\ADMIN\\Desktop\\payment-api\\services\\auth\\src\\controllers\\verify-account.controller.ts:48:39\n\n  45 const salt = bcrypt.genSaltSync(10);\n  46 const hashedPassword = bcrypt.hashSync(password, salt);\n  47 \n→ 48 const newUser = await prisma.user.create(\nUnique constraint failed on the constraint: `User_phone_number_key`\n    at Wn.handleRequestError (C:\\Users\\ADMIN\\Desktop\\payment-api\\services\\auth\\node_modules\\@prisma\\client\\runtime\\library.js:121:7534)\n    at Wn.handleAndLogRequestError (C:\\Users\\ADMIN\\Desktop\\payment-api\\services\\auth\\node_modules\\@prisma\\client\\runtime\\library.js:121:6858)\n    at Wn.request (C:\\Users\\ADMIN\\Desktop\\payment-api\\services\\auth\\node_modules\\@prisma\\client\\runtime\\library.js:121:6565)\n    at async l (C:\\Users\\ADMIN\\Desktop\\payment-api\\services\\auth\\node_modules\\@prisma\\client\\runtime\\library.js:130:10067)","timestamp":"2025-03-24T16:01:17.030Z"}
{"level":"info","message":"server is running in http://localhost:5001","service":"AUTH","timestamp":"2025-03-24T16:01:31.087Z"}
{"level":"info","message":"User registered successfully: alicesmith@gmail.com","service":"AUTH","timestamp":"2025-03-24T16:02:15.863Z"}
{"level":"info","message":"server is running in http://localhost:5001","service":"AUTH","timestamp":"2025-03-24T16:08:46.200Z"}
{"level":"info","message":"server is running in http://localhost:5001","service":"AUTH","timestamp":"2025-03-24T16:08:59.464Z"}
{"level":"info","message":"server is running in http://localhost:5001","service":"AUTH","timestamp":"2025-03-24T16:14:45.981Z"}
{"level":"info","message":"server is running in http://localhost:5001","service":"AUTH","timestamp":"2025-03-24T16:14:51.762Z"}
{"level":"info","message":"server is running in http://localhost:5001","service":"AUTH","timestamp":"2025-03-24T16:15:25.767Z"}
{"level":"info","message":"server is running in http://localhost:5001","service":"AUTH","timestamp":"2025-03-24T16:15:33.003Z"}
{"level":"info","message":"server is running in http://localhost:5001","service":"AUTH","timestamp":"2025-03-24T16:15:36.316Z"}
{"level":"info","message":"server is running in http://localhost:5001","service":"AUTH","timestamp":"2025-03-24T16:16:00.957Z"}
{"level":"info","message":"server is running in http://localhost:5001","service":"AUTH","timestamp":"2025-03-24T16:20:00.221Z"}
{"level":"info","message":"server is running in http://localhost:5001","service":"AUTH","timestamp":"2025-03-24T16:20:42.717Z"}
{"level":"info","message":"server is running in http://localhost:5001","service":"AUTH","timestamp":"2025-03-24T16:26:46.174Z"}
{"level":"info","message":"server is running in http://localhost:5001","service":"AUTH","timestamp":"2025-03-24T16:33:55.145Z"}
{"level":"info","message":"server is running in http://localhost:5001","service":"AUTH","timestamp":"2025-03-24T16:34:48.661Z"}
{"level":"info","message":"server is running in http://localhost:5001","service":"AUTH","timestamp":"2025-03-24T16:35:11.543Z"}
{"level":"info","message":"server is running in http://localhost:5001","service":"AUTH","timestamp":"2025-03-24T16:38:29.228Z"}
{"level":"info","message":"Verification code sent to allannjoroge@gmail.com","service":"AUTH","timestamp":"2025-03-24T16:40:27.040Z"}
{"level":"info","message":"User registered successfully: allannjoroge@gmail.com","service":"AUTH","timestamp":"2025-03-24T16:41:12.203Z"}
{"level":"info","message":"server is running in http://localhost:5001","service":"AUTH","timestamp":"2025-03-24T16:58:14.393Z"}
{"level":"info","message":"Verification code sent to muchaithiaka@gmail.com","service":"AUTH","timestamp":"2025-03-24T16:58:19.809Z"}
{"level":"info","message":"User registered successfully: muchaithiaka@gmail.com","service":"AUTH","timestamp":"2025-03-24T16:58:38.896Z"}
{"level":"info","message":"server is running in http://localhost:5001","service":"AUTH","timestamp":"2025-03-24T17:04:39.338Z"}
{"level":"info","message":"server is running in http://localhost:5001","service":"AUTH","timestamp":"2025-03-24T17:05:39.202Z"}
{"level":"info","message":"server is running in http://localhost:5001","service":"AUTH","timestamp":"2025-03-24T17:07:05.431Z"}
{"level":"info","message":"server is running in http://localhost:5001","service":"AUTH","timestamp":"2025-03-24T17:10:30.864Z"}
{"level":"info","message":"server is running in http://localhost:5001","service":"AUTH","timestamp":"2025-03-24T17:11:49.288Z"}
{"level":"info","message":"server is running in http://localhost:5001","service":"AUTH","timestamp":"2025-03-24T17:13:08.917Z"}
{"level":"info","message":"server is running in http://localhost:5001","service":"AUTH","timestamp":"2025-03-24T17:13:52.454Z"}
{"level":"info","message":"server is running in http://localhost:5001","service":"AUTH","timestamp":"2025-03-24T17:14:05.796Z"}
{"level":"info","message":"server is running in http://localhost:5001","service":"AUTH","timestamp":"2025-03-24T17:14:54.820Z"}
{"level":"info","message":"server is running in http://localhost:5001","service":"AUTH","timestamp":"2025-03-24T17:15:27.602Z"}
{"level":"info","message":"server is running in http://localhost:5001","service":"AUTH","timestamp":"2025-03-24T17:16:20.720Z"}
{"level":"info","message":"server is running in http://localhost:5001","service":"AUTH","timestamp":"2025-03-24T17:17:40.398Z"}
{"level":"info","message":"server is running in http://localhost:5001","service":"AUTH","timestamp":"2025-03-24T17:18:03.602Z"}
{"level":"info","message":"server is running in http://localhost:5001","service":"AUTH","timestamp":"2025-03-24T17:18:43.848Z"}
{"level":"info","message":"server is running in http://localhost:5001","service":"AUTH","timestamp":"2025-03-24T17:18:50.606Z"}
{"level":"info","message":"server is running in http://localhost:5001","service":"AUTH","timestamp":"2025-03-24T17:20:54.405Z"}
{"level":"info","message":"server is running in http://localhost:5001","service":"AUTH","timestamp":"2025-03-24T18:14:05.528Z"}
{"level":"info","message":"server is running in http://localhost:5001","service":"AUTH","timestamp":"2025-03-24T18:15:09.341Z"}
{"clientVersion":"6.5.0","code":"P2002","level":"error","message":"Failed to login user  \nInvalid `prisma.refreshToken.create()` invocation in\nC:\\Users\\ADMIN\\Desktop\\payment-api\\services\\auth\\src\\utils\\generateTokens.ts:36:29\n\n  33 const salt = genSaltSync(10);\n  34 const hashedRefreshToken = hashSync(refreshToken, salt);\n  35 \n→ 36 await prisma.refreshToken.create(\nUnique constraint failed on the constraint: `RefreshToken_user_id_key`","meta":{"modelName":"RefreshToken","target":"RefreshToken_user_id_key"},"name":"PrismaClientKnownRequestError","service":"AUTH","stack":"PrismaClientKnownRequestError: \nInvalid `prisma.refreshToken.create()` invocation in\nC:\\Users\\ADMIN\\Desktop\\payment-api\\services\\auth\\src\\utils\\generateTokens.ts:36:29\n\n  33 const salt = genSaltSync(10);\n  34 const hashedRefreshToken = hashSync(refreshToken, salt);\n  35 \n→ 36 await prisma.refreshToken.create(\nUnique constraint failed on the constraint: `RefreshToken_user_id_key`\n    at Wn.handleRequestError (C:\\Users\\ADMIN\\Desktop\\payment-api\\services\\auth\\node_modules\\@prisma\\client\\runtime\\library.js:121:7534)\n    at Wn.handleAndLogRequestError (C:\\Users\\ADMIN\\Desktop\\payment-api\\services\\auth\\node_modules\\@prisma\\client\\runtime\\library.js:121:6858)\n    at Wn.request (C:\\Users\\ADMIN\\Desktop\\payment-api\\services\\auth\\node_modules\\@prisma\\client\\runtime\\library.js:121:6565)\n    at async l (C:\\Users\\ADMIN\\Desktop\\payment-api\\services\\auth\\node_modules\\@prisma\\client\\runtime\\library.js:130:10067)","timestamp":"2025-03-24T18:15:11.030Z"}
{"level":"info","message":"server is running in http://localhost:5001","service":"AUTH","timestamp":"2025-03-24T18:16:52.662Z"}
{"level":"info","message":"server is running in http://localhost:5001","service":"AUTH","timestamp":"2025-03-24T18:18:58.281Z"}
{"level":"info","message":"server is running in http://localhost:5001","service":"AUTH","timestamp":"2025-03-24T18:19:10.601Z"}
{"level":"info","message":"server is running in http://localhost:5001","service":"AUTH","timestamp":"2025-03-24T18:23:25.326Z"}
{"level":"info","message":"server is running in http://localhost:5001","service":"AUTH","timestamp":"2025-03-24T18:27:52.131Z"}
{"level":"info","message":"server is running in http://localhost:5001","service":"AUTH","timestamp":"2025-03-24T18:28:23.044Z"}
{"level":"info","message":"server is running in http://localhost:5001","service":"AUTH","timestamp":"2025-03-24T18:28:30.289Z"}
{"level":"info","message":"server is running in http://localhost:5001","service":"AUTH","timestamp":"2025-03-24T18:40:40.215Z"}
{"level":"info","message":"server is running in http://localhost:5001","service":"AUTH","timestamp":"2025-03-24T18:41:21.010Z"}
{"level":"info","message":"server is running in http://localhost:5001","service":"AUTH","timestamp":"2025-03-24T18:43:00.512Z"}
{"level":"info","message":"server is running in http://localhost:5001","service":"AUTH","timestamp":"2025-03-24T18:43:04.460Z"}
{"level":"info","message":"server is running in http://localhost:5001","service":"AUTH","timestamp":"2025-03-24T18:43:24.807Z"}
{"level":"info","message":"server is running in http://localhost:5001","service":"AUTH","timestamp":"2025-03-24T18:43:46.561Z"}
{"level":"info","message":"server is running in http://localhost:5001","service":"AUTH","timestamp":"2025-03-24T18:44:00.909Z"}
{"level":"info","message":"server is running in http://localhost:5001","service":"AUTH","timestamp":"2025-03-24T18:44:43.315Z"}
{"level":"info","message":"server is running in http://localhost:5001","service":"AUTH","timestamp":"2025-03-24T18:46:07.548Z"}
{"level":"info","message":"server is running in http://localhost:5001","service":"AUTH","timestamp":"2025-03-24T18:46:56.515Z"}
{"level":"info","message":"server is running in http://localhost:5001","service":"AUTH","timestamp":"2025-03-24T18:47:04.437Z"}
{"level":"info","message":"server is running in http://localhost:5001","service":"AUTH","timestamp":"2025-03-24T19:31:05.774Z"}
{"level":"info","message":"server is running in http://localhost:5001","service":"AUTH","timestamp":"2025-03-24T19:31:58.342Z"}
{"level":"info","message":"server is running in http://localhost:5001","service":"AUTH","timestamp":"2025-03-24T19:44:44.539Z"}
{"level":"info","message":"server is running in http://localhost:5001","service":"AUTH","timestamp":"2025-03-24T19:46:17.221Z"}
{"level":"info","message":"server is running in http://localhost:5001","service":"AUTH","timestamp":"2025-03-24T19:46:51.688Z"}
{"level":"info","message":"server is running in http://localhost:5001","service":"AUTH","timestamp":"2025-03-24T19:49:08.956Z"}
{"level":"info","message":"server is running in http://localhost:5001","service":"AUTH","timestamp":"2025-03-24T19:49:45.299Z"}
{"level":"info","message":"server is running in http://localhost:5001","service":"AUTH","timestamp":"2025-03-24T19:54:48.825Z"}
{"level":"info","message":"server is running in http://localhost:5001","service":"AUTH","timestamp":"2025-03-24T19:56:58.657Z"}
{"level":"info","message":"server is running in http://localhost:5001","service":"AUTH","timestamp":"2025-03-24T19:57:29.989Z"}
{"level":"info","message":"server is running in http://localhost:5001","service":"AUTH","timestamp":"2025-03-24T19:57:43.335Z"}
{"level":"info","message":"server is running in http://localhost:5001","service":"AUTH","timestamp":"2025-03-24T19:59:03.412Z"}
{"level":"info","message":"server is running in http://localhost:5001","service":"AUTH","timestamp":"2025-03-24T20:01:41.356Z"}
{"level":"info","message":"server is running in http://localhost:5001","service":"AUTH","timestamp":"2025-03-24T20:01:46.876Z"}
{"level":"info","message":"server is running in http://localhost:5001","service":"AUTH","timestamp":"2025-03-24T20:06:46.810Z"}
{"level":"info","message":"server is running in http://localhost:5001","service":"AUTH","timestamp":"2025-03-24T20:08:13.629Z"}
{"level":"info","message":"server is running in http://localhost:5001","service":"AUTH","timestamp":"2025-03-24T20:08:45.008Z"}
{"level":"info","message":"server is running in http://localhost:5001","service":"AUTH","timestamp":"2025-03-24T20:08:49.618Z"}
{"level":"info","message":"server is running in http://localhost:5001","service":"AUTH","timestamp":"2025-03-24T20:09:53.424Z"}
{"level":"info","message":"server is running in http://localhost:5001","service":"AUTH","timestamp":"2025-03-24T20:10:37.383Z"}
{"level":"info","message":"server is running in http://localhost:5001","service":"AUTH","timestamp":"2025-03-24T20:11:20.372Z"}
{"level":"info","message":"server is running in http://localhost:5001","service":"AUTH","timestamp":"2025-03-24T20:12:15.966Z"}
{"level":"info","message":"server is running in http://localhost:5001","service":"AUTH","timestamp":"2025-03-24T20:29:49.713Z"}
{"level":"info","message":"Verification code sent to testuser@gmail.com","service":"AUTH","timestamp":"2025-03-24T20:32:14.863Z"}
{"level":"info","message":"User registered successfully: testuser@gmail.com","service":"AUTH","timestamp":"2025-03-24T20:33:27.884Z"}
{"level":"info","message":"server is running in http://localhost:5001","service":"AUTH","timestamp":"2025-03-24T20:36:59.383Z"}
{"level":"info","message":"Verification code sent to testuser@gmail.com","service":"AUTH","timestamp":"2025-03-24T20:37:52.653Z"}
{"level":"info","message":"server is running in http://localhost:5001","service":"AUTH","timestamp":"2025-03-24T20:42:29.584Z"}
{"level":"info","message":"server is running in http://localhost:5001","service":"AUTH","timestamp":"2025-03-24T20:43:17.080Z"}
{"level":"info","message":"Verification code sent to testuser@gmail.com","service":"AUTH","timestamp":"2025-03-24T20:43:45.544Z"}
{"level":"info","message":"server is running in http://localhost:5001","service":"AUTH","timestamp":"2025-03-24T20:46:57.229Z"}
{"level":"info","message":"User testuser@gmail.com changed password","service":"AUTH","timestamp":"2025-03-24T20:46:59.151Z"}
{"level":"info","message":"server is running in http://localhost:5001","service":"AUTH","timestamp":"2025-03-24T20:47:13.222Z"}
{"level":"info","message":"Verification code sent to testuser@gmail.com","service":"AUTH","timestamp":"2025-03-24T20:47:38.279Z"}
{"level":"info","message":"User testuser@gmail.com changed password","service":"AUTH","timestamp":"2025-03-24T20:48:07.920Z"}
{"level":"info","message":"Verification code sent to testuser@gmail.com","service":"AUTH","timestamp":"2025-03-24T20:48:18.506Z"}
{"level":"info","message":"User testuser@gmail.com changed password","service":"AUTH","timestamp":"2025-03-24T20:48:57.738Z"}
{"level":"info","message":"server is running in http://localhost:5001","service":"AUTH","timestamp":"2025-03-25T13:29:21.070Z"}
{"level":"info","message":"server is running in http://localhost:5001","service":"AUTH","timestamp":"2025-03-25T13:36:18.076Z"}
{"level":"info","message":"server is running in http://localhost:5001","service":"AUTH","timestamp":"2025-03-25T14:09:08.041Z"}
{"level":"info","message":"server is running in http://localhost:5001","service":"AUTH","timestamp":"2025-03-25T14:12:38.602Z"}
{"level":"info","message":"server is running in http://localhost:5001","service":"AUTH","timestamp":"2025-03-25T14:14:57.359Z"}
{"level":"info","message":"server is running in http://localhost:5001","service":"AUTH","timestamp":"2025-03-25T14:16:32.367Z"}
